{"/Users/yh/Documents/VScodeWorkspace/yhMiniProj/HonnoMushi/backend/index.ts": {"path":"/Users/yh/Documents/VScodeWorkspace/yhMiniProj/HonnoMushi/backend/index.ts","statementMap":{"0":{"start":{"line":1,"column":0},"end":{"line":1,"column":51}},"1":{"start":{"line":2,"column":0},"end":{"line":2,"column":28}},"2":{"start":{"line":3,"column":0},"end":{"line":3,"column":24}},"3":{"start":{"line":4,"column":0},"end":{"line":4,"column":44}},"4":{"start":{"line":5,"column":0},"end":{"line":5,"column":43}},"5":{"start":{"line":6,"column":0},"end":{"line":6,"column":47}},"6":{"start":{"line":7,"column":0},"end":{"line":7,"column":43}},"7":{"start":{"line":9,"column":12},"end":{"line":9,"column":21}},"8":{"start":{"line":11,"column":0},"end":{"line":11,"column":28}},"9":{"start":{"line":12,"column":0},"end":{"line":12,"column":16}},"10":{"start":{"line":13,"column":0},"end":{"line":13,"column":24}},"11":{"start":{"line":15,"column":0},"end":{"line":15,"column":16}},"12":{"start":{"line":18,"column":0},"end":{"line":21,"column":3}},"13":{"start":{"line":19,"column":4},"end":{"line":19,"column":20}},"14":{"start":{"line":20,"column":4},"end":{"line":20,"column":23}},"15":{"start":{"line":23,"column":0},"end":{"line":23,"column":24}},"16":{"start":{"line":24,"column":0},"end":{"line":24,"column":28}},"17":{"start":{"line":26,"column":0},"end":{"line":26,"column":22}},"18":{"start":{"line":28,"column":0},"end":{"line":28,"column":19}}},"fnMap":{"0":{"name":"(anonymous_1)","decl":{"start":{"line":18,"column":13},"end":{"line":18,"column":14}},"loc":{"start":{"line":18,"column":48},"end":{"line":21,"column":1}}}},"branchMap":{},"s":{"0":1,"1":1,"2":1,"3":1,"4":1,"5":1,"6":1,"7":1,"8":1,"9":1,"10":1,"11":1,"12":1,"13":1,"14":1,"15":1,"16":1,"17":1,"18":1},"f":{"0":1},"b":{}}
,"/Users/yh/Documents/VScodeWorkspace/yhMiniProj/HonnoMushi/backend/config/dbConfig.ts": {"path":"/Users/yh/Documents/VScodeWorkspace/yhMiniProj/HonnoMushi/backend/config/dbConfig.ts","statementMap":{"0":{"start":{"line":1,"column":0},"end":{"line":1,"column":32}},"1":{"start":{"line":3,"column":0},"end":{"line":3,"column":28}},"2":{"start":{"line":5,"column":0},"end":{"line":5,"column":16}},"3":{"start":{"line":7,"column":13},"end":{"line":7,"column":37}},"4":{"start":{"line":9,"column":19},"end":{"line":21,"column":39}},"5":{"start":{"line":9,"column":36},"end":{"line":21,"column":39}},"6":{"start":{"line":17,"column":8},"end":{"line":20,"column":11}},"7":{"start":{"line":18,"column":12},"end":{"line":18,"column":77}},"8":{"start":{"line":19,"column":12},"end":{"line":19,"column":46}},"9":{"start":{"line":21,"column":22},"end":{"line":21,"column":38}},"10":{"start":{"line":23,"column":0},"end":{"line":23,"column":26}}},"fnMap":{"0":{"name":"(anonymous_1)","decl":{"start":{"line":9,"column":19},"end":{"line":9,"column":20}},"loc":{"start":{"line":9,"column":36},"end":{"line":21,"column":39}}},"1":{"name":"(anonymous_2)","decl":{"start":{"line":16,"column":12},"end":{"line":16,"column":15}},"loc":{"start":{"line":16,"column":17},"end":{"line":21,"column":1}}},"2":{"name":"(anonymous_3)","decl":{"start":{"line":17,"column":25},"end":{"line":17,"column":28}},"loc":{"start":{"line":17,"column":30},"end":{"line":20,"column":9}}},"3":{"name":"(anonymous_4)","decl":{"start":{"line":21,"column":9},"end":{"line":21,"column":10}},"loc":{"start":{"line":21,"column":22},"end":{"line":21,"column":38}}}},"branchMap":{"0":{"loc":{"start":{"line":7,"column":13},"end":{"line":7,"column":37}},"type":"binary-expr","locations":[{"start":{"line":7,"column":13},"end":{"line":7,"column":29}},{"start":{"line":7,"column":33},"end":{"line":7,"column":37}}]}},"s":{"0":1,"1":1,"2":1,"3":1,"4":1,"5":1,"6":0,"7":0,"8":0,"9":0,"10":1},"f":{"0":1,"1":0,"2":0,"3":0},"b":{"0":[1,1]}}
,"/Users/yh/Documents/VScodeWorkspace/yhMiniProj/HonnoMushi/backend/middleWares/error.ts": {"path":"/Users/yh/Documents/VScodeWorkspace/yhMiniProj/HonnoMushi/backend/middleWares/error.ts","statementMap":{"0":{"start":{"line":3,"column":0},"end":{"line":3,"column":52}},"1":{"start":{"line":6,"column":22},"end":{"line":6,"column":62}},"2":{"start":{"line":16,"column":41},"end":{"line":38,"column":1}},"3":{"start":{"line":18,"column":4},"end":{"line":18,"column":null}},"4":{"start":{"line":20,"column":16},"end":{"line":20,"column":24}},"5":{"start":{"line":22,"column":4},"end":{"line":22,"column":32}},"6":{"start":{"line":25,"column":4},"end":{"line":28,"column":null}},"7":{"start":{"line":26,"column":24},"end":{"line":26,"column":53}},"8":{"start":{"line":27,"column":8},"end":{"line":27,"column":71}},"9":{"start":{"line":30,"column":4},"end":{"line":33,"column":null}},"10":{"start":{"line":31,"column":24},"end":{"line":31,"column":73}},"11":{"start":{"line":31,"column":61},"end":{"line":31,"column":72}},"12":{"start":{"line":32,"column":8},"end":{"line":32,"column":71}},"13":{"start":{"line":35,"column":4},"end":{"line":37,"column":null}},"14":{"start":{"line":40,"column":0},"end":{"line":40,"column":28}}},"fnMap":{"0":{"name":"(anonymous_0)","decl":{"start":{"line":16,"column":41},"end":{"line":16,"column":42}},"loc":{"start":{"line":16,"column":77},"end":{"line":38,"column":1}}},"1":{"name":"(anonymous_1)","decl":{"start":{"line":31,"column":54},"end":{"line":31,"column":55}},"loc":{"start":{"line":31,"column":61},"end":{"line":31,"column":72}}}},"branchMap":{"0":{"loc":{"start":{"line":25,"column":4},"end":{"line":28,"column":null}},"type":"if","locations":[{"start":{"line":25,"column":4},"end":{"line":28,"column":null}},{"start":{"line":25,"column":4},"end":{"line":28,"column":null}}]},"1":{"loc":{"start":{"line":30,"column":4},"end":{"line":33,"column":null}},"type":"if","locations":[{"start":{"line":30,"column":4},"end":{"line":33,"column":null}},{"start":{"line":30,"column":4},"end":{"line":33,"column":null}}]},"2":{"loc":{"start":{"line":35,"column":15},"end":{"line":35,"column":71}},"type":"binary-expr","locations":[{"start":{"line":35,"column":15},"end":{"line":35,"column":31}},{"start":{"line":35,"column":35},"end":{"line":35,"column":71}}]},"3":{"loc":{"start":{"line":36,"column":17},"end":{"line":36,"column":48}},"type":"binary-expr","locations":[{"start":{"line":36,"column":17},"end":{"line":36,"column":30}},{"start":{"line":36,"column":34},"end":{"line":36,"column":48}}]}},"s":{"0":1,"1":1,"2":1,"3":0,"4":0,"5":0,"6":0,"7":0,"8":0,"9":0,"10":0,"11":0,"12":0,"13":0,"14":1},"f":{"0":0,"1":0},"b":{"0":[0,0],"1":[0,0],"2":[0,0],"3":[0,0]}}
,"/Users/yh/Documents/VScodeWorkspace/yhMiniProj/HonnoMushi/backend/models/booksModel.ts": {"path":"/Users/yh/Documents/VScodeWorkspace/yhMiniProj/HonnoMushi/backend/models/booksModel.ts","statementMap":{"0":{"start":{"line":1,"column":0},"end":{"line":1,"column":51}},"1":{"start":{"line":19,"column":19},"end":{"line":58,"column":2}},"2":{"start":{"line":60,"column":14},"end":{"line":60,"column":47}},"3":{"start":{"line":62,"column":0},"end":{"line":62,"column":21}}},"fnMap":{},"branchMap":{},"s":{"0":1,"1":1,"2":1,"3":1},"f":{},"b":{}}
,"/Users/yh/Documents/VScodeWorkspace/yhMiniProj/HonnoMushi/backend/models/userModel.ts": {"path":"/Users/yh/Documents/VScodeWorkspace/yhMiniProj/HonnoMushi/backend/models/userModel.ts","statementMap":{"0":{"start":{"line":1,"column":0},"end":{"line":1,"column":51}},"1":{"start":{"line":9,"column":19},"end":{"line":14,"column":2}},"2":{"start":{"line":16,"column":13},"end":{"line":16,"column":45}},"3":{"start":{"line":18,"column":0},"end":{"line":18,"column":20}}},"fnMap":{},"branchMap":{},"s":{"0":1,"1":1,"2":1,"3":1},"f":{},"b":{}}
,"/Users/yh/Documents/VScodeWorkspace/yhMiniProj/HonnoMushi/backend/routes/authRoute.ts": {"path":"/Users/yh/Documents/VScodeWorkspace/yhMiniProj/HonnoMushi/backend/routes/authRoute.ts","statementMap":{"0":{"start":{"line":1,"column":0},"end":{"line":1,"column":65}},"1":{"start":{"line":2,"column":0},"end":{"line":2,"column":39}},"2":{"start":{"line":3,"column":0},"end":{"line":3,"column":31}},"3":{"start":{"line":4,"column":0},"end":{"line":4,"column":28}},"4":{"start":{"line":5,"column":0},"end":{"line":5,"column":52}},"5":{"start":{"line":6,"column":0},"end":{"line":6,"column":58}},"6":{"start":{"line":8,"column":15},"end":{"line":8,"column":31}},"7":{"start":{"line":10,"column":0},"end":{"line":33,"column":3}},"8":{"start":{"line":13,"column":32},"end":{"line":13,"column":40}},"9":{"start":{"line":15,"column":4},"end":{"line":32,"column":null}},"10":{"start":{"line":17,"column":29},"end":{"line":17,"column":58}},"11":{"start":{"line":19,"column":8},"end":{"line":19,"column":null}},"12":{"start":{"line":19,"column":27},"end":{"line":19,"column":null}},"13":{"start":{"line":22,"column":34},"end":{"line":22,"column":87}},"14":{"start":{"line":24,"column":8},"end":{"line":24,"column":null}},"15":{"start":{"line":24,"column":32},"end":{"line":24,"column":null}},"16":{"start":{"line":26,"column":22},"end":{"line":26,"column":135}},"17":{"start":{"line":28,"column":8},"end":{"line":28,"column":83}},"18":{"start":{"line":30,"column":8},"end":{"line":30,"column":25}},"19":{"start":{"line":31,"column":8},"end":{"line":31,"column":16}},"20":{"start":{"line":35,"column":0},"end":{"line":58,"column":3}},"21":{"start":{"line":37,"column":55},"end":{"line":37,"column":63}},"22":{"start":{"line":39,"column":4},"end":{"line":57,"column":null}},"23":{"start":{"line":41,"column":29},"end":{"line":41,"column":58}},"24":{"start":{"line":43,"column":8},"end":{"line":43,"column":108}},"25":{"start":{"line":43,"column":26},"end":{"line":43,"column":108}},"26":{"start":{"line":46,"column":8},"end":{"line":46,"column":null}},"27":{"start":{"line":46,"column":42},"end":{"line":46,"column":null}},"28":{"start":{"line":49,"column":38},"end":{"line":49,"column":69}},"29":{"start":{"line":50,"column":21},"end":{"line":50,"column":81}},"30":{"start":{"line":51,"column":20},"end":{"line":51,"column":120}},"31":{"start":{"line":53,"column":8},"end":{"line":53,"column":69}},"32":{"start":{"line":55,"column":8},"end":{"line":55,"column":25}},"33":{"start":{"line":56,"column":8},"end":{"line":56,"column":null}},"34":{"start":{"line":60,"column":0},"end":{"line":60,"column":22}}},"fnMap":{"0":{"name":"(anonymous_1)","decl":{"start":{"line":10,"column":22},"end":{"line":10,"column":27}},"loc":{"start":{"line":10,"column":99},"end":{"line":33,"column":1}}},"1":{"name":"(anonymous_2)","decl":{"start":{"line":35,"column":25},"end":{"line":35,"column":30}},"loc":{"start":{"line":35,"column":103},"end":{"line":58,"column":1}}}},"branchMap":{"0":{"loc":{"start":{"line":19,"column":8},"end":{"line":19,"column":null}},"type":"if","locations":[{"start":{"line":19,"column":8},"end":{"line":19,"column":null}},{"start":{"line":19,"column":8},"end":{"line":19,"column":null}}]},"1":{"loc":{"start":{"line":24,"column":8},"end":{"line":24,"column":null}},"type":"if","locations":[{"start":{"line":24,"column":8},"end":{"line":24,"column":null}},{"start":{"line":24,"column":8},"end":{"line":24,"column":null}}]},"2":{"loc":{"start":{"line":43,"column":8},"end":{"line":43,"column":108}},"type":"if","locations":[{"start":{"line":43,"column":8},"end":{"line":43,"column":108}},{"start":{"line":43,"column":8},"end":{"line":43,"column":108}}]},"3":{"loc":{"start":{"line":46,"column":8},"end":{"line":46,"column":null}},"type":"if","locations":[{"start":{"line":46,"column":8},"end":{"line":46,"column":null}},{"start":{"line":46,"column":8},"end":{"line":46,"column":null}}]}},"s":{"0":1,"1":1,"2":1,"3":1,"4":1,"5":1,"6":1,"7":1,"8":0,"9":0,"10":0,"11":0,"12":0,"13":0,"14":0,"15":0,"16":0,"17":0,"18":0,"19":0,"20":1,"21":0,"22":0,"23":0,"24":0,"25":0,"26":0,"27":0,"28":0,"29":0,"30":0,"31":0,"32":0,"33":0,"34":1},"f":{"0":0,"1":0},"b":{"0":[0,0],"1":[0,0],"2":[0,0],"3":[0,0]}}
,"/Users/yh/Documents/VScodeWorkspace/yhMiniProj/HonnoMushi/backend/routes/booksRoute.ts": {"path":"/Users/yh/Documents/VScodeWorkspace/yhMiniProj/HonnoMushi/backend/routes/booksRoute.ts","statementMap":{"0":{"start":{"line":1,"column":0},"end":{"line":1,"column":65}},"1":{"start":{"line":2,"column":0},"end":{"line":2,"column":41}},"2":{"start":{"line":3,"column":0},"end":{"line":3,"column":52}},"3":{"start":{"line":4,"column":0},"end":{"line":4,"column":58}},"4":{"start":{"line":6,"column":15},"end":{"line":6,"column":31}},"5":{"start":{"line":7,"column":10},"end":{"line":7,"column":61}},"6":{"start":{"line":8,"column":14},"end":{"line":8,"column":33}},"7":{"start":{"line":9,"column":14},"end":{"line":9,"column":35}},"8":{"start":{"line":10,"column":18},"end":{"line":10,"column":47}},"9":{"start":{"line":31,"column":0},"end":{"line":49,"column":3}},"10":{"start":{"line":32,"column":19},"end":{"line":32,"column":28}},"11":{"start":{"line":33,"column":25},"end":{"line":33,"column":39}},"12":{"start":{"line":34,"column":4},"end":{"line":48,"column":null}},"13":{"start":{"line":35,"column":22},"end":{"line":35,"column":24}},"14":{"start":{"line":36,"column":26},"end":{"line":36,"column":49}},"15":{"start":{"line":37,"column":20},"end":{"line":37,"column":55}},"16":{"start":{"line":38,"column":20},"end":{"line":38,"column":84}},"17":{"start":{"line":39,"column":8},"end":{"line":44,"column":11}},"18":{"start":{"line":46,"column":8},"end":{"line":46,"column":25}},"19":{"start":{"line":47,"column":8},"end":{"line":47,"column":90}},"20":{"start":{"line":51,"column":0},"end":{"line":77,"column":3}},"21":{"start":{"line":52,"column":19},"end":{"line":52,"column":28}},"22":{"start":{"line":53,"column":18},"end":{"line":53,"column":28}},"23":{"start":{"line":54,"column":25},"end":{"line":54,"column":39}},"24":{"start":{"line":56,"column":4},"end":{"line":76,"column":null}},"25":{"start":{"line":57,"column":22},"end":{"line":57,"column":23}},"26":{"start":{"line":58,"column":26},"end":{"line":58,"column":49}},"27":{"start":{"line":59,"column":20},"end":{"line":61,"column":35}},"28":{"start":{"line":62,"column":26},"end":{"line":64,"column":64}},"29":{"start":{"line":66,"column":8},"end":{"line":72,"column":11}},"30":{"start":{"line":74,"column":8},"end":{"line":74,"column":25}},"31":{"start":{"line":75,"column":8},"end":{"line":75,"column":113}},"32":{"start":{"line":80,"column":0},"end":{"line":110,"column":3}},"33":{"start":{"line":82,"column":4},"end":{"line":109,"column":null}},"34":{"start":{"line":83,"column":19},"end":{"line":83,"column":63}},"35":{"start":{"line":85,"column":8},"end":{"line":85,"column":111}},"36":{"start":{"line":85,"column":36},"end":{"line":85,"column":111}},"37":{"start":{"line":88,"column":25},"end":{"line":100,"column":10}},"38":{"start":{"line":89,"column":12},"end":{"line":99,"column":14}},"39":{"start":{"line":101,"column":8},"end":{"line":105,"column":11}},"40":{"start":{"line":107,"column":8},"end":{"line":107,"column":25}},"41":{"start":{"line":108,"column":8},"end":{"line":108,"column":107}},"42":{"start":{"line":112,"column":0},"end":{"line":139,"column":null}},"43":{"start":{"line":113,"column":4},"end":{"line":138,"column":null}},"44":{"start":{"line":114,"column":27},"end":{"line":119,"column":null}},"45":{"start":{"line":121,"column":24},"end":{"line":121,"column":55}},"46":{"start":{"line":122,"column":34},"end":{"line":122,"column":52}},"47":{"start":{"line":123,"column":25},"end":{"line":133,"column":14}},"48":{"start":{"line":124,"column":83},"end":{"line":124,"column":84}},"49":{"start":{"line":125,"column":16},"end":{"line":132,"column":null}},"50":{"start":{"line":135,"column":8},"end":{"line":135,"column":null}},"51":{"start":{"line":137,"column":8},"end":{"line":137,"column":null}},"52":{"start":{"line":141,"column":0},"end":{"line":159,"column":null}},"53":{"start":{"line":142,"column":40},"end":{"line":142,"column":49}},"54":{"start":{"line":144,"column":4},"end":{"line":158,"column":null}},"55":{"start":{"line":145,"column":25},"end":{"line":145,"column":43}},"56":{"start":{"line":146,"column":25},"end":{"line":146,"column":52}},"57":{"start":{"line":147,"column":26},"end":{"line":147,"column":54}},"58":{"start":{"line":148,"column":21},"end":{"line":148,"column":95}},"59":{"start":{"line":148,"column":41},"end":{"line":148,"column":93}},"60":{"start":{"line":150,"column":8},"end":{"line":154,"column":null}},"61":{"start":{"line":156,"column":8},"end":{"line":156,"column":25}},"62":{"start":{"line":157,"column":8},"end":{"line":157,"column":null}},"63":{"start":{"line":161,"column":0},"end":{"line":161,"column":22}}},"fnMap":{"0":{"name":"(anonymous_1)","decl":{"start":{"line":31,"column":21},"end":{"line":31,"column":26}},"loc":{"start":{"line":31,"column":112},"end":{"line":49,"column":1}}},"1":{"name":"(anonymous_2)","decl":{"start":{"line":51,"column":29},"end":{"line":51,"column":34}},"loc":{"start":{"line":51,"column":127},"end":{"line":77,"column":1}}},"2":{"name":"(anonymous_3)","decl":{"start":{"line":80,"column":24},"end":{"line":80,"column":29}},"loc":{"start":{"line":80,"column":102},"end":{"line":110,"column":1}}},"3":{"name":"(anonymous_4)","decl":{"start":{"line":88,"column":34},"end":{"line":88,"column":35}},"loc":{"start":{"line":88,"column":38},"end":{"line":100,"column":9}}},"4":{"name":"(anonymous_5)","decl":{"start":{"line":112,"column":27},"end":{"line":112,"column":32}},"loc":{"start":{"line":112,"column":75},"end":{"line":139,"column":1}}},"5":{"name":"(anonymous_6)","decl":{"start":{"line":123,"column":42},"end":{"line":123,"column":43}},"loc":{"start":{"line":123,"column":45},"end":{"line":133,"column":13}}},"6":{"name":"(anonymous_7)","decl":{"start":{"line":141,"column":26},"end":{"line":141,"column":31}},"loc":{"start":{"line":141,"column":99},"end":{"line":159,"column":1}}},"7":{"name":"(anonymous_8)","decl":{"start":{"line":148,"column":37},"end":{"line":148,"column":38}},"loc":{"start":{"line":148,"column":41},"end":{"line":148,"column":93}}}},"branchMap":{"0":{"loc":{"start":{"line":85,"column":8},"end":{"line":85,"column":111}},"type":"if","locations":[{"start":{"line":85,"column":8},"end":{"line":85,"column":111}},{"start":{"line":85,"column":8},"end":{"line":85,"column":111}}]},"1":{"loc":{"start":{"line":85,"column":12},"end":{"line":85,"column":34}},"type":"binary-expr","locations":[{"start":{"line":85,"column":12},"end":{"line":85,"column":17}},{"start":{"line":85,"column":19},"end":{"line":85,"column":34}}]},"2":{"loc":{"start":{"line":148,"column":41},"end":{"line":148,"column":93}},"type":"binary-expr","locations":[{"start":{"line":148,"column":41},"end":{"line":148,"column":65}},{"start":{"line":148,"column":67},"end":{"line":148,"column":93}}]}},"s":{"0":1,"1":1,"2":1,"3":1,"4":1,"5":1,"6":1,"7":1,"8":1,"9":1,"10":0,"11":0,"12":0,"13":0,"14":0,"15":0,"16":0,"17":0,"18":0,"19":0,"20":1,"21":0,"22":0,"23":0,"24":0,"25":0,"26":0,"27":0,"28":0,"29":0,"30":0,"31":0,"32":1,"33":0,"34":0,"35":0,"36":0,"37":0,"38":0,"39":0,"40":0,"41":0,"42":1,"43":0,"44":0,"45":0,"46":0,"47":0,"48":0,"49":0,"50":0,"51":0,"52":1,"53":0,"54":0,"55":0,"56":0,"57":0,"58":0,"59":0,"60":0,"61":0,"62":0,"63":1},"f":{"0":0,"1":0,"2":0,"3":0,"4":0,"5":0,"6":0,"7":0},"b":{"0":[0,0],"1":[0,0],"2":[0,0]}}
,"/Users/yh/Documents/VScodeWorkspace/yhMiniProj/HonnoMushi/backend/utils/constants.ts": {"path":"/Users/yh/Documents/VScodeWorkspace/yhMiniProj/HonnoMushi/backend/utils/constants.ts","statementMap":{"0":{"start":{"line":3,"column":0},"end":{"line":3,"column":null}},"1":{"start":{"line":6,"column":4},"end":{"line":6,"column":null}},"2":{"start":{"line":12,"column":4},"end":{"line":12,"column":null}},"3":{"start":{"line":15,"column":4},"end":{"line":15,"column":null}},"4":{"start":{"line":16,"column":4},"end":{"line":16,"column":null}},"5":{"start":{"line":21,"column":4},"end":{"line":21,"column":null}},"6":{"start":{"line":22,"column":4},"end":{"line":22,"column":null}},"7":{"start":{"line":23,"column":4},"end":{"line":23,"column":null}},"8":{"start":{"line":24,"column":4},"end":{"line":24,"column":null}},"9":{"start":{"line":25,"column":4},"end":{"line":25,"column":null}},"10":{"start":{"line":28,"column":4},"end":{"line":28,"column":null}}},"fnMap":{"0":{"name":"(anonymous_0)","decl":{"start":{"line":3,"column":0},"end":{"line":3,"column":12}},"loc":{"start":{"line":3,"column":26},"end":{"line":29,"column":1}}}},"branchMap":{"0":{"loc":{"start":{"line":3,"column":12},"end":{"line":3,"column":null}},"type":"binary-expr","locations":[{"start":{"line":3,"column":12},"end":{"line":3,"column":26}},{"start":{"line":3,"column":12},"end":{"line":3,"column":null}}]}},"s":{"0":1,"1":1,"2":1,"3":1,"4":1,"5":1,"6":1,"7":1,"8":1,"9":1,"10":1},"f":{"0":1},"b":{"0":[1,1]}}
,"/Users/yh/Documents/VScodeWorkspace/yhMiniProj/HonnoMushi/backend/utils/expressErrorResponse.ts": {"path":"/Users/yh/Documents/VScodeWorkspace/yhMiniProj/HonnoMushi/backend/utils/expressErrorResponse.ts","statementMap":{"0":{"start":{"line":4,"column":8},"end":{"line":4,"column":23}},"1":{"start":{"line":5,"column":8},"end":{"line":5,"column":37}},"2":{"start":{"line":9,"column":0},"end":{"line":9,"column":29}}},"fnMap":{"0":{"name":"(anonymous_0)","decl":{"start":{"line":3,"column":4},"end":{"line":3,"column":16}},"loc":{"start":{"line":3,"column":49},"end":{"line":6,"column":5}}}},"branchMap":{},"s":{"0":0,"1":0,"2":1},"f":{"0":0},"b":{}}
}
