TN:
SF:index.ts
FN:18,(anonymous_1)
FNF:1
FNH:1
FNDA:1,(anonymous_1)
DA:1,1
DA:2,1
DA:3,1
DA:4,1
DA:5,1
DA:6,1
DA:7,1
DA:9,1
DA:11,1
DA:12,1
DA:13,1
DA:15,1
DA:18,1
DA:19,1
DA:20,1
DA:23,1
DA:24,1
DA:26,1
DA:28,1
LF:19
LH:19
BRF:0
BRH:0
end_of_record
TN:
SF:config/dbConfig.ts
FN:9,(anonymous_1)
FN:16,(anonymous_2)
FN:17,(anonymous_3)
FN:21,(anonymous_4)
FNF:4
FNH:1
FNDA:1,(anonymous_1)
FNDA:0,(anonymous_2)
FNDA:0,(anonymous_3)
FNDA:0,(anonymous_4)
DA:1,1
DA:3,1
DA:5,1
DA:7,1
DA:9,1
DA:17,0
DA:18,0
DA:19,0
DA:21,0
DA:23,1
LF:10
LH:6
BRDA:7,0,0,1
BRDA:7,0,1,1
BRF:2
BRH:2
end_of_record
TN:
SF:middleWares/error.ts
FN:16,(anonymous_0)
FN:31,(anonymous_1)
FNF:2
FNH:0
FNDA:0,(anonymous_0)
FNDA:0,(anonymous_1)
DA:3,1
DA:6,1
DA:16,1
DA:18,0
DA:20,0
DA:22,0
DA:25,0
DA:26,0
DA:27,0
DA:30,0
DA:31,0
DA:32,0
DA:35,0
DA:40,1
LF:14
LH:4
BRDA:25,0,0,0
BRDA:25,0,1,0
BRDA:30,1,0,0
BRDA:30,1,1,0
BRDA:35,2,0,0
BRDA:35,2,1,0
BRDA:36,3,0,0
BRDA:36,3,1,0
BRF:8
BRH:0
end_of_record
TN:
SF:models/booksModel.ts
FNF:0
FNH:0
DA:1,1
DA:19,1
DA:60,1
DA:62,1
LF:4
LH:4
BRF:0
BRH:0
end_of_record
TN:
SF:models/userModel.ts
FNF:0
FNH:0
DA:1,1
DA:9,1
DA:16,1
DA:18,1
LF:4
LH:4
BRF:0
BRH:0
end_of_record
TN:
SF:routes/authRoute.ts
FN:10,(anonymous_1)
FN:35,(anonymous_2)
FNF:2
FNH:0
FNDA:0,(anonymous_1)
FNDA:0,(anonymous_2)
DA:1,1
DA:2,1
DA:3,1
DA:4,1
DA:5,1
DA:6,1
DA:8,1
DA:10,1
DA:13,0
DA:15,0
DA:17,0
DA:19,0
DA:22,0
DA:24,0
DA:26,0
DA:28,0
DA:30,0
DA:31,0
DA:35,1
DA:37,0
DA:39,0
DA:41,0
DA:43,0
DA:46,0
DA:49,0
DA:50,0
DA:51,0
DA:53,0
DA:55,0
DA:56,0
DA:60,1
LF:31
LH:10
BRDA:19,0,0,0
BRDA:19,0,1,0
BRDA:24,1,0,0
BRDA:24,1,1,0
BRDA:43,2,0,0
BRDA:43,2,1,0
BRDA:46,3,0,0
BRDA:46,3,1,0
BRF:8
BRH:0
end_of_record
TN:
SF:routes/booksRoute.ts
FN:31,(anonymous_1)
FN:51,(anonymous_2)
FN:80,(anonymous_3)
FN:88,(anonymous_4)
FN:112,(anonymous_5)
FN:123,(anonymous_6)
FN:141,(anonymous_7)
FN:148,(anonymous_8)
FNF:8
FNH:0
FNDA:0,(anonymous_1)
FNDA:0,(anonymous_2)
FNDA:0,(anonymous_3)
FNDA:0,(anonymous_4)
FNDA:0,(anonymous_5)
FNDA:0,(anonymous_6)
FNDA:0,(anonymous_7)
FNDA:0,(anonymous_8)
DA:1,1
DA:2,1
DA:3,1
DA:4,1
DA:6,1
DA:7,1
DA:8,1
DA:9,1
DA:10,1
DA:31,1
DA:32,0
DA:33,0
DA:34,0
DA:35,0
DA:36,0
DA:37,0
DA:38,0
DA:39,0
DA:46,0
DA:47,0
DA:51,1
DA:52,0
DA:53,0
DA:54,0
DA:56,0
DA:57,0
DA:58,0
DA:59,0
DA:62,0
DA:66,0
DA:74,0
DA:75,0
DA:80,1
DA:82,0
DA:83,0
DA:85,0
DA:88,0
DA:89,0
DA:101,0
DA:107,0
DA:108,0
DA:112,1
DA:113,0
DA:114,0
DA:121,0
DA:122,0
DA:123,0
DA:124,0
DA:125,0
DA:135,0
DA:137,0
DA:141,1
DA:142,0
DA:144,0
DA:145,0
DA:146,0
DA:147,0
DA:148,0
DA:150,0
DA:156,0
DA:157,0
DA:161,1
LF:62
LH:15
BRDA:85,0,0,0
BRDA:85,0,1,0
BRDA:85,1,0,0
BRDA:85,1,1,0
BRDA:148,2,0,0
BRDA:148,2,1,0
BRF:6
BRH:0
end_of_record
TN:
SF:utils/constants.ts
FN:3,(anonymous_0)
FNF:1
FNH:1
FNDA:1,(anonymous_0)
DA:3,1
DA:6,1
DA:12,1
DA:15,1
DA:16,1
DA:21,1
DA:22,1
DA:23,1
DA:24,1
DA:25,1
DA:28,1
LF:11
LH:11
BRDA:3,0,0,1
BRDA:3,0,1,1
BRF:2
BRH:2
end_of_record
TN:
SF:utils/expressErrorResponse.ts
FN:3,(anonymous_0)
FNF:1
FNH:0
FNDA:0,(anonymous_0)
DA:4,0
DA:5,0
DA:9,1
LF:3
LH:1
BRF:0
BRH:0
end_of_record
